0 info it worked if it ends with ok
1 verbose cli [ '/usr/local/bin/node',
1 verbose cli   '/usr/local/bin/npm',
1 verbose cli   'run',
1 verbose cli   'babel-node',
1 verbose cli   'index.js' ]
2 info using npm@3.10.9
3 info using node@v7.1.0
4 verbose run-script [ 'prebabel-node', 'babel-node', 'postbabel-node' ]
5 info lifecycle match_back@1.0.0~prebabel-node: match_back@1.0.0
6 silly lifecycle match_back@1.0.0~prebabel-node: no script for prebabel-node, continuing
7 info lifecycle match_back@1.0.0~babel-node: match_back@1.0.0
8 verbose lifecycle match_back@1.0.0~babel-node: unsafe-perm in lifecycle true
9 verbose lifecycle match_back@1.0.0~babel-node: PATH: /usr/local/lib/node_modules/npm/bin/node-gyp-bin:/Users/jeremymaruani/matcha/matcha_back/node_modules/.bin:/usr/local/lib/node_modules/npm/bin/node-gyp-bin:/Users/jeremymaruani/matcha/matcha_back/node_modules/.bin:/usr/local/bin:/usr/bin:/bin:/usr/sbin:/sbin
10 verbose lifecycle match_back@1.0.0~babel-node: CWD: /Users/jeremymaruani/matcha/matcha_back
11 silly lifecycle match_back@1.0.0~babel-node: Args: [ '-c', 'babel-node --presets=es2015 "index.js"' ]
12 silly lifecycle match_back@1.0.0~babel-node: Returned: code: 1  signal: null
13 info lifecycle match_back@1.0.0~babel-node: Failed to exec babel-node script
14 verbose stack Error: match_back@1.0.0 babel-node: `babel-node --presets=es2015 "index.js"`
14 verbose stack Exit status 1
14 verbose stack     at EventEmitter.<anonymous> (/usr/local/lib/node_modules/npm/lib/utils/lifecycle.js:255:16)
14 verbose stack     at emitTwo (events.js:106:13)
14 verbose stack     at EventEmitter.emit (events.js:191:7)
14 verbose stack     at ChildProcess.<anonymous> (/usr/local/lib/node_modules/npm/lib/utils/spawn.js:40:14)
14 verbose stack     at emitTwo (events.js:106:13)
14 verbose stack     at ChildProcess.emit (events.js:191:7)
14 verbose stack     at maybeClose (internal/child_process.js:885:16)
14 verbose stack     at Process.ChildProcess._handle.onexit (internal/child_process.js:226:5)
15 verbose pkgid match_back@1.0.0
16 verbose cwd /Users/jeremymaruani/matcha/matcha_back
17 error Darwin 15.6.0
18 error argv "/usr/local/bin/node" "/usr/local/bin/npm" "run" "babel-node" "index.js"
19 error node v7.1.0
20 error npm  v3.10.9
21 error code ELIFECYCLE
22 error match_back@1.0.0 babel-node: `babel-node --presets=es2015 "index.js"`
22 error Exit status 1
23 error Failed at the match_back@1.0.0 babel-node script 'babel-node --presets=es2015 "index.js"'.
23 error Make sure you have the latest version of node.js and npm installed.
23 error If you do, this is most likely a problem with the match_back package,
23 error not with npm itself.
23 error Tell the author that this fails on your system:
23 error     babel-node --presets=es2015 "index.js"
23 error You can get information on how to open an issue for this project with:
23 error     npm bugs match_back
23 error Or if that isn't available, you can get their info via:
23 error     npm owner ls match_back
23 error There is likely additional logging output above.
24 verbose exit [ 1, true ]
